<?xml version="1.0" encoding="UTF-8"?>
<!-- Generated by org.testng.reporters.JUnitXMLReporter -->
<testsuite hostname="Nacers-MacBook-Pro.local" ignored="0" name="eatjan172022automation1" tests="2" failures="1" timestamp="2022-02-10T22:13:16 EST" time="29.71" errors="0">
  <testcase name="test1" time="6.711" classname="test.MyTest"/>
  <testcase name="test2" time="8.285" classname="test.MyTest">
    <failure type="java.lang.AssertionError" message="expected [true] but found [false]">
      <![CDATA[java.lang.AssertionError: expected [true] but found [false]
at test.MyTest.test2(MyTest.java:35)
at java.util.ArrayList.forEach(ArrayList.java:1257)
... Removed 30 stack frames]]>
    </failure>
  </testcase> <!-- test2 -->
</testsuite> <!-- eatjan172022automation1 -->
